<?xml version="1.0" encoding="UTF-8"?>
<!-- Generated by org.testng.reporters.JUnitXMLReporter -->
<testsuite hostname="DESKTOP-9EK6O7H" ignored="0" tests="19" failures="1" timestamp="2023-05-01T20:22:35 EET" time="12.108" errors="0">
  <testcase name="bodyArrayHasSizeTest" time="1.449" classname="ZippoTest"/>
  <testcase name="checkCountryInResponseBody" time="0.287" classname="ZippoTest"/>
  <testcase name="checkHasItem" time="0.294" classname="ZippoTest"/>
  <testcase name="checkStateInResponseBody" time="0.274" classname="ZippoTest"/>
  <testcase name="combiningTest" time="0.719" classname="ZippoTest"/>
  <testcase name="contentTypeTest" time="0.241" classname="ZippoTest"/>
  <testcase name="extractJsonAll_POJO" time="0.516" classname="ZippoTest"/>
  <testcase name="extractPOJO_Soru" time="0.236" classname="ZippoTest"/>
  <testcase name="extractingJsonPath" time="0.257" classname="ZippoTest"/>
  <testcase name="extractingJsonPath2" time="0.69" classname="ZippoTest"/>
  <testcase name="extractingJsonPath3" time="0.744" classname="ZippoTest"/>
  <testcase name="extractingJsonPath4" time="0.685" classname="ZippoTest"/>
  <testcase name="extractingJsonPath5" time="0.332" classname="ZippoTest"/>
  <testcase name="extractingJsonResponseAll" time="0.345" classname="ZippoTest">
    <failure type="java.lang.AssertionError" message="expected [true] but found [false]">
      <![CDATA[java.lang.AssertionError: expected [true] but found [false]
at ZippoTest.extractingJsonResponseAll(ZippoTest.java:386)
at java.util.ArrayList.forEach(ArrayList.java:1259)
... Removed 40 stack frames]]>
    </failure>
  </testcase> <!-- extractingJsonResponseAll -->
  <testcase name="pathParam" time="0.268" classname="ZippoTest"/>
  <testcase name="queryParamTest" time="0.323" classname="ZippoTest"/>
  <testcase name="queryParamTest2" time="3.473" classname="ZippoTest"/>
  <testcase name="test" time="0.0" classname="ZippoTest"/>
  <testcase name="test1" time="0.438" classname="ZippoTest"/>
</testsuite>
