<?xml version="1.0" encoding="UTF-8" ?>
<testsuite tests="19" failures="1" name="ZippoTest" time="11.574" errors="0" skipped="0">
  <properties>
[...]
</properties>
  <testcase classname="ZippoTest" name="bodyArrayHasSizeTest" time="1.452"/>
  <testcase classname="ZippoTest" name="checkCountryInResponseBody" time="0.285"/>
  <testcase classname="ZippoTest" name="checkHasItem" time="0.294"/>
  <testcase classname="ZippoTest" name="checkStateInResponseBody" time="0.274"/>
  <testcase classname="ZippoTest" name="combiningTest" time="0.719"/>
  <testcase classname="ZippoTest" name="contentTypeTest" time="0.241"/>
  <testcase classname="ZippoTest" name="extractJsonAll_POJO" time="0.516"/>
  <testcase classname="ZippoTest" name="extractPOJO_Soru" time="0.236"/>
  <testcase classname="ZippoTest" name="extractingJsonPath" time="0.257"/>
  <testcase classname="ZippoTest" name="extractingJsonPath2" time="0.69"/>
  <testcase classname="ZippoTest" name="extractingJsonPath3" time="0.744"/>
  <testcase classname="ZippoTest" name="extractingJsonPath4" time="0.686"/>
  <testcase classname="ZippoTest" name="extractingJsonPath5" time="0.332"/>
  <testcase classname="ZippoTest" name="extractingJsonResponseAll" time="0.345">
    <failure message="expected [true] but found [false]" type="java.lang.AssertionError">java.lang.AssertionError: expected [true] but found [false]
	at org.testng.Assert.fail(Assert.java:99)
	at org.testng.Assert.failNotEquals(Assert.java:1037)
	at org.testng.Assert.assertTrue(Assert.java:45)
	at org.testng.Assert.assertTrue(Assert.java:55)
	at ZippoTest.extractingJsonResponseAll(ZippoTest.java:386)
</failure>
    <system-out>idler = [1313009, 1313008, 1313006, 1313005, 1313004, 1313003, 1313002, 1313001, 1313000, 1312999]
names = [Prof. Mukesh Tagore, Rev. Ambar Patil, Trilokanath Nehru, Lal Acharya, Ankal Butt, Dhanvin Verma DO, Mandaakin Jha, Birjesh Ahuja, Acaryatanaya Varrier Esq., Himadri Chattopadhyay IV]
limit = 10
</system-out>
  </testcase>
  <testcase classname="ZippoTest" name="pathParam" time="0.268"/>
  <testcase classname="ZippoTest" name="queryParamTest" time="0.324"/>
  <testcase classname="ZippoTest" name="queryParamTest2" time="3.473"/>
  <testcase classname="ZippoTest" name="test" time="0"/>
  <testcase classname="ZippoTest" name="test1" time="0.438"/>
</testsuite>