<?xml version="1.0" encoding="UTF-8"?>
<testsuite xmlns:xsi="http://www.w3.org/2001/XMLSchema-instance" xsi:noNamespaceSchemaLocation="https://maven.apache.org/surefire/maven-surefire-plugin/xsd/surefire-test-report.xsd" name="TestSuite" time="4.621" tests="5" errors="0" skipped="0" failures="0">
  <properties>
[...]
</properties>
  <testcase name="createCountry" classname="Campus.Countrytest" time="1.006"/>
  <testcase name="createCountryNeg" classname="Campus.Countrytest" time="0.347"/>
  <testcase name="updateCountry" classname="Campus.Countrytest" time="0.403"/>
  <testcase name="deleteCountry" classname="Campus.Countrytest" time="0.31"/>
  <testcase name="deleteCountryNeg" classname="Campus.Countrytest" time="0.283"/>
</testsuite>