<?xml version="1.0" encoding="UTF-8"?>
<!-- Generated by org.testng.reporters.JUnitXMLReporter -->
<testsuite hostname="DESKTOP-9EK6O7H" ignored="0" name="Main Test" tests="5" failures="0" timestamp="2023-05-01T20:35:19 EET" time="4.187" errors="0">
  <testcase name="createCountry" time="1.005" classname="Campus.Countrytest"/>
  <testcase name="createCountryNeg" time="0.348" classname="Campus.Countrytest"/>
  <testcase name="updateCountry" time="0.403" classname="Campus.Countrytest"/>
  <testcase name="deleteCountry" time="0.309" classname="Campus.Countrytest"/>
  <testcase name="deleteCountryNeg" time="0.283" classname="Campus.Countrytest"/>
</testsuite> <!-- Main Test -->
